|-----------------------------------|
|-         ARCHIVO DE LOG          -|
|-----------------------------------|

|-----------------------------------|
|-        LOG DEL GENERADOR        -|
|-----------------------------------|

----------------------------------------------------------------------------
OPE001;18/10/2024 13:57;18/10/2024 15:09;USER001;COMPRA02;1;106;CORRECTO
OPE001;18/10/2024 13:08;18/10/2024 15:05;USER001;COMPRA01;2;111;CORRECTO
OPE001;18/10/2024 13:26;18/10/2024 15:39;USER003;COMPRA02;3;70;FINALIZADO
OPE001;18/10/2024 13:46;18/10/2024 15:20;USER001;COMPRA01;4;-25;CORRECTO
OPE001;18/10/2024 13:41;18/10/2024 15:00;USER003;COMPRA02;5;190;FINALIZADO
OPE001;18/10/2024 13:44;18/10/2024 15:44;USER001;COMPRA01;6;-123;ERROR
OPE001;18/10/2024 13:17;18/10/2024 15:15;USER003;COMPRA02;7;-38;FINALIZADO
OPE001;18/10/2024 13:32;18/10/2024 15:15;USER003;COMPRA01;8;-139;FINALIZADO
OPE001;18/10/2024 13:50;18/10/2024 15:51;USER001;COMPRA02;9;77;CORRECTO
OPE001;18/10/2024 13:02;18/10/2024 15:15;USER001;COMPRA01;10;-28;ERROR
----------------------------------------------------------------------------
Archivo generado: SU001_OPE1_18102024_1.csv
----------------------------------------------------------------------------

----------------------------------------------------------------------------
OPE002;02/10/2024 13:23;02/10/2024 15:02;USER002;COMPRA02;1;190;FINALIZADO
OPE002;02/10/2024 13:41;02/10/2024 15:58;USER002;COMPRA01;2;-246;CORRECTO
OPE002;02/10/2024 13:31;02/10/2024 15:13;USER003;COMPRA02;3;-165;FINALIZADO
OPE002;02/10/2024 13:02;02/10/2024 15:23;USER001;COMPRA01;4;-90;CORRECTO
OPE002;02/10/2024 13:08;02/10/2024 15:27;USER003;COMPRA02;5;197;CORRECTO
OPE002;02/10/2024 13:49;02/10/2024 15:13;USER001;COMPRA01;6;93;CORRECTO
OPE002;02/10/2024 13:18;02/10/2024 15:47;USER002;COMPRA02;7;229;ERROR
OPE002;02/10/2024 13:38;02/10/2024 15:25;USER003;COMPRA01;8;-136;FINALIZADO
OPE002;02/10/2024 13:06;02/10/2024 15:37;USER003;COMPRA02;9;-240;FINALIZADO
OPE002;02/10/2024 13:56;02/10/2024 15:20;USER002;COMPRA01;10;134;CORRECTO
----------------------------------------------------------------------------
Archivo generado: SU002_OPE2_02102024_1.csv
----------------------------------------------------------------------------

----------------------------------------------------------------------------
OPE002;23/10/2024 13:02;23/10/2024 15:14;USER003;COMPRA02;1;-32;FINALIZADO
OPE002;23/10/2024 13:01;23/10/2024 15:41;USER003;COMPRA01;2;-97;CORRECTO
OPE002;23/10/2024 13:36;23/10/2024 15:56;USER003;COMPRA02;3;204;CORRECTO
OPE002;23/10/2024 13:04;23/10/2024 15:44;USER003;COMPRA01;4;51;CORRECTO
OPE002;23/10/2024 13:33;23/10/2024 15:19;USER002;COMPRA02;5;-234;CORRECTO
OPE002;23/10/2024 13:50;23/10/2024 15:16;USER003;COMPRA01;6;178;FINALIZADO
OPE002;23/10/2024 13:42;23/10/2024 15:48;USER003;COMPRA02;7;121;FINALIZADO
OPE002;23/10/2024 13:32;23/10/2024 15:21;USER002;COMPRA01;8;210;CORRECTO
OPE002;23/10/2024 13:25;23/10/2024 15:18;USER001;COMPRA02;9;66;CORRECTO
OPE002;23/10/2024 13:22;23/10/2024 15:19;USER001;COMPRA01;10;-76;CORRECTO
----------------------------------------------------------------------------
Archivo generado: SU002_OPE2_23102024_2.csv
----------------------------------------------------------------------------

----------------------------------------------------------------------------
OPE002;22/07/2024 13:22;22/07/2024 15:29;USER003;COMPRA02;1;-16;ERROR
OPE002;22/07/2024 13:05;22/07/2024 15:06;USER001;COMPRA01;2;-52;CORRECTO
OPE002;22/07/2024 13:13;22/07/2024 15:32;USER001;COMPRA02;3;84;CORRECTO
OPE002;22/07/2024 13:04;22/07/2024 15:22;USER003;COMPRA01;4;139;CORRECTO
OPE002;22/07/2024 13:20;22/07/2024 15:55;USER002;COMPRA02;5;-10;ERROR
OPE002;22/07/2024 13:14;22/07/2024 15:09;USER001;COMPRA01;6;98;FINALIZADO
OPE002;22/07/2024 13:52;22/07/2024 15:22;USER003;COMPRA02;7;-25;FINALIZADO
OPE002;22/07/2024 13:24;22/07/2024 15:14;USER001;COMPRA01;8;64;CORRECTO
OPE002;22/07/2024 13:54;22/07/2024 15:24;USER003;COMPRA02;9;-29;FINALIZADO
OPE002;22/07/2024 13:53;22/07/2024 15:30;USER003;COMPRA01;10;24;FINALIZADO
----------------------------------------------------------------------------
Archivo generado: SU002_OPE2_22072024_3.csv
----------------------------------------------------------------------------

----------------------------------------------------------------------------
OPE002;03/02/2024 13:22;03/02/2024 15:52;USER003;COMPRA02;1;-218;CORRECTO
OPE002;03/02/2024 13:11;03/02/2024 15:57;USER001;COMPRA01;2;96;FINALIZADO
OPE002;03/02/2024 13:52;03/02/2024 15:28;USER003;COMPRA02;3;109;ERROR
OPE002;03/02/2024 13:27;03/02/2024 15:29;USER001;COMPRA01;4;-143;CORRECTO
OPE002;03/02/2024 13:16;03/02/2024 15:51;USER003;COMPRA02;5;78;FINALIZADO
OPE002;03/02/2024 13:04;03/02/2024 15:42;USER001;COMPRA01;6;242;CORRECTO
OPE002;03/02/2024 13:50;03/02/2024 15:59;USER001;COMPRA02;7;-94;FINALIZADO
OPE002;03/02/2024 13:49;03/02/2024 15:15;USER002;COMPRA01;8;-222;ERROR
OPE002;03/02/2024 13:51;03/02/2024 15:47;USER002;COMPRA02;9;-235;CORRECTO
OPE002;03/02/2024 13:27;03/02/2024 15:31;USER001;COMPRA01;10;39;FINALIZADO
----------------------------------------------------------------------------
Archivo generado: SU002_OPE2_03022024_4.csv
----------------------------------------------------------------------------

----------------------------------------------------------------------------
OPE001;24/04/2024 13:12;24/04/2024 15:21;USER002;COMPRA02;1;-111;FINALIZADO
OPE001;24/04/2024 13:01;24/04/2024 15:31;USER001;COMPRA01;2;-95;ERROR
OPE001;24/04/2024 13:47;24/04/2024 15:47;USER003;COMPRA02;3;-8;FINALIZADO
OPE001;24/04/2024 13:11;24/04/2024 15:16;USER003;COMPRA01;4;-58;CORRECTO
OPE001;24/04/2024 13:29;24/04/2024 15:27;USER003;COMPRA02;5;119;CORRECTO
OPE001;24/04/2024 13:04;24/04/2024 15:13;USER002;COMPRA01;6;-119;CORRECTO
OPE001;24/04/2024 13:36;24/04/2024 15:20;USER002;COMPRA02;7;11;FINALIZADO
OPE001;24/04/2024 13:35;24/04/2024 15:27;USER003;COMPRA01;8;83;CORRECTO
OPE001;24/04/2024 13:07;24/04/2024 15:05;USER003;COMPRA02;9;167;ERROR
OPE001;24/04/2024 13:54;24/04/2024 15:53;USER002;COMPRA01;10;-77;ERROR
----------------------------------------------------------------------------
Archivo generado: SU001_OPE1_24042024_2.csv
----------------------------------------------------------------------------

----------------------------------------------------------------------------
OPE002;01/02/2024 13:01;01/02/2024 15:36;USER002;COMPRA02;1;-186;CORRECTO
OPE002;01/02/2024 13:19;01/02/2024 15:58;USER003;COMPRA01;2;45;FINALIZADO
OPE002;01/02/2024 13:57;01/02/2024 15:31;USER003;COMPRA02;3;87;CORRECTO
OPE002;01/02/2024 13:07;01/02/2024 15:29;USER002;COMPRA01;4;-199;CORRECTO
OPE002;01/02/2024 13:32;01/02/2024 15:14;USER003;COMPRA02;5;112;ERROR
OPE002;01/02/2024 13:50;01/02/2024 15:15;USER003;COMPRA01;6;-143;ERROR
OPE002;01/02/2024 13:35;01/02/2024 15:55;USER001;COMPRA02;7;199;FINALIZADO
OPE002;01/02/2024 13:52;01/02/2024 15:35;USER002;COMPRA01;8;-227;FINALIZADO
OPE002;01/02/2024 13:15;01/02/2024 15:46;USER002;COMPRA02;9;-222;FINALIZADO
OPE002;01/02/2024 13:44;01/02/2024 15:57;USER003;COMPRA01;10;-14;CORRECTO
----------------------------------------------------------------------------
Archivo generado: SU002_OPE2_01022024_5.csv
----------------------------------------------------------------------------

----------------------------------------------------------------------------
OPE001;04/11/2024 13:37;04/11/2024 15:35;USER002;COMPRA02;1;19;CORRECTO
OPE001;04/11/2024 13:06;04/11/2024 15:04;USER002;COMPRA01;2;-11;CORRECTO
OPE001;04/11/2024 13:18;04/11/2024 15:07;USER001;COMPRA02;3;66;FINALIZADO
OPE001;04/11/2024 13:09;04/11/2024 15:25;USER003;COMPRA01;4;144;CORRECTO
OPE001;04/11/2024 13:50;04/11/2024 15:40;USER002;COMPRA02;5;60;FINALIZADO
OPE001;04/11/2024 13:20;04/11/2024 15:00;USER001;COMPRA01;6;195;CORRECTO
OPE001;04/11/2024 13:33;04/11/2024 15:19;USER002;COMPRA02;7;118;CORRECTO
OPE001;04/11/2024 13:34;04/11/2024 15:58;USER001;COMPRA01;8;151;CORRECTO
OPE001;04/11/2024 13:04;04/11/2024 15:02;USER003;COMPRA02;9;-50;ERROR
OPE001;04/11/2024 13:16;04/11/2024 15:52;USER003;COMPRA01;10;-170;CORRECTO
----------------------------------------------------------------------------
Archivo generado: SU001_OPE1_04112024_3.csv
----------------------------------------------------------------------------

----------------------------------------------------------------------------
OPE004;11/10/2024 13:22;11/10/2024 15:15;USER003;COMPRA02;1;-41;FINALIZADO
OPE004;11/10/2024 13:22;11/10/2024 15:00;USER003;COMPRA01;2;-218;FINALIZADO
OPE004;11/10/2024 13:49;11/10/2024 15:01;USER002;COMPRA02;3;195;FINALIZADO
OPE004;11/10/2024 13:04;11/10/2024 15:38;USER001;COMPRA01;4;-110;CORRECTO
OPE004;11/10/2024 13:59;11/10/2024 15:32;USER001;COMPRA02;5;92;FINALIZADO
OPE004;11/10/2024 13:44;11/10/2024 15:27;USER003;COMPRA01;6;112;CORRECTO
OPE004;11/10/2024 13:32;11/10/2024 15:11;USER002;COMPRA02;7;-184;CORRECTO
OPE004;11/10/2024 13:19;11/10/2024 15:30;USER003;COMPRA01;8;27;CORRECTO
OPE004;11/10/2024 13:39;11/10/2024 15:09;USER002;COMPRA02;9;45;FINALIZADO
OPE004;11/10/2024 13:44;11/10/2024 15:26;USER003;COMPRA01;10;160;CORRECTO
----------------------------------------------------------------------------
Archivo generado: SU004_OPE4_11102024_1.csv
----------------------------------------------------------------------------

----------------------------------------------------------------------------
OPE003;02/11/2024 13:37;02/11/2024 15:59;USER001;COMPRA02;1;245;ERROR
OPE003;02/11/2024 13:40;02/11/2024 15:48;USER003;COMPRA01;2;107;FINALIZADO
OPE003;02/11/2024 13:45;02/11/2024 15:28;USER003;COMPRA02;3;-62;CORRECTO
OPE003;02/11/2024 13:25;02/11/2024 15:03;USER002;COMPRA01;4;-244;CORRECTO
OPE003;02/11/2024 13:33;02/11/2024 15:52;USER001;COMPRA02;5;225;FINALIZADO
OPE003;02/11/2024 13:35;02/11/2024 15:57;USER002;COMPRA01;6;-99;CORRECTO
OPE003;02/11/2024 13:27;02/11/2024 15:18;USER002;COMPRA02;7;-135;ERROR
OPE003;02/11/2024 13:58;02/11/2024 15:32;USER003;COMPRA01;8;-28;CORRECTO
OPE003;02/11/2024 13:20;02/11/2024 15:41;USER002;COMPRA02;9;135;ERROR
OPE003;02/11/2024 13:51;02/11/2024 15:57;USER002;COMPRA01;10;-137;FINALIZADO
----------------------------------------------------------------------------
Archivo generado: SU003_OPE3_02112024_1.csv
----------------------------------------------------------------------------

----------------------------------------------------------------------------
OPE004;06/03/2024 13:12;06/03/2024 15:30;USER003;COMPRA02;1;-150;FINALIZADO
OPE004;06/03/2024 13:46;06/03/2024 15:08;USER001;COMPRA01;2;182;ERROR
OPE004;06/03/2024 13:05;06/03/2024 15:38;USER003;COMPRA02;3;-155;CORRECTO
OPE004;06/03/2024 13:51;06/03/2024 15:41;USER003;COMPRA01;4;211;CORRECTO
OPE004;06/03/2024 13:06;06/03/2024 15:44;USER002;COMPRA02;5;215;CORRECTO
OPE004;06/03/2024 13:23;06/03/2024 15:18;USER002;COMPRA01;6;-129;CORRECTO
OPE004;06/03/2024 13:17;06/03/2024 15:32;USER003;COMPRA02;7;-185;CORRECTO
OPE004;06/03/2024 13:04;06/03/2024 15:22;USER002;COMPRA01;8;92;CORRECTO
OPE004;06/03/2024 13:58;06/03/2024 15:32;USER002;COMPRA02;9;-109;FINALIZADO
OPE004;06/03/2024 13:16;06/03/2024 15:58;USER002;COMPRA01;10;113;CORRECTO
----------------------------------------------------------------------------
Archivo generado: SU004_OPE4_06032024_2.csv
----------------------------------------------------------------------------

----------------------------------------------------------------------------
OPE001;19/11/2024 13:53;19/11/2024 15:30;USER003;COMPRA02;1;-180;FINALIZADO
OPE001;19/11/2024 13:53;19/11/2024 15:27;USER002;COMPRA01;2;121;CORRECTO
OPE001;19/11/2024 13:28;19/11/2024 15:33;USER002;COMPRA02;3;-243;ERROR
OPE001;19/11/2024 13:27;19/11/2024 15:24;USER003;COMPRA01;4;81;FINALIZADO
OPE001;19/11/2024 13:32;19/11/2024 15:16;USER002;COMPRA02;5;-217;FINALIZADO
OPE001;19/11/2024 13:04;19/11/2024 15:55;USER001;COMPRA01;6;11;ERROR
OPE001;19/11/2024 13:17;19/11/2024 15:18;USER001;COMPRA02;7;225;FINALIZADO
OPE001;19/11/2024 13:22;19/11/2024 15:33;USER002;COMPRA01;8;120;FINALIZADO
OPE001;19/11/2024 13:05;19/11/2024 15:57;USER001;COMPRA02;9;101;CORRECTO
OPE001;19/11/2024 13:43;19/11/2024 15:50;USER003;COMPRA01;10;48;CORRECTO
----------------------------------------------------------------------------
Archivo generado: SU001_OPE1_19112024_4.csv
----------------------------------------------------------------------------

----------------------------------------------------------------------------
OPE003;26/04/2024 13:48;26/04/2024 15:36;USER003;COMPRA02;1;170;CORRECTO
OPE003;26/04/2024 13:34;26/04/2024 15:44;USER001;COMPRA01;2;-165;ERROR
OPE003;26/04/2024 13:38;26/04/2024 15:20;USER003;COMPRA02;3;227;CORRECTO
OPE003;26/04/2024 13:09;26/04/2024 15:30;USER003;COMPRA01;4;222;FINALIZADO
OPE003;26/04/2024 13:18;26/04/2024 15:27;USER003;COMPRA02;5;-196;CORRECTO
OPE003;26/04/2024 13:33;26/04/2024 15:16;USER001;COMPRA01;6;29;CORRECTO
OPE003;26/04/2024 13:51;26/04/2024 15:28;USER001;COMPRA02;7;173;ERROR
OPE003;26/04/2024 13:08;26/04/2024 15:50;USER002;COMPRA01;8;118;ERROR
OPE003;26/04/2024 13:05;26/04/2024 15:40;USER001;COMPRA02;9;-237;CORRECTO
OPE003;26/04/2024 13:57;26/04/2024 15:12;USER003;COMPRA01;10;107;ERROR
----------------------------------------------------------------------------
Archivo generado: SU003_OPE3_26042024_2.csv
----------------------------------------------------------------------------

----------------------------------------------------------------------------
OPE004;04/03/2024 13:50;04/03/2024 15:35;USER002;COMPRA02;1;-27;CORRECTO
OPE004;04/03/2024 13:47;04/03/2024 15:46;USER001;COMPRA01;2;232;CORRECTO
OPE004;04/03/2024 13:38;04/03/2024 15:54;USER001;COMPRA02;3;235;CORRECTO
OPE004;04/03/2024 13:41;04/03/2024 15:23;USER001;COMPRA01;4;-103;ERROR
OPE004;04/03/2024 13:50;04/03/2024 15:39;USER002;COMPRA02;5;-67;FINALIZADO
OPE004;04/03/2024 13:20;04/03/2024 15:45;USER002;COMPRA01;6;117;CORRECTO
OPE004;04/03/2024 13:09;04/03/2024 15:19;USER002;COMPRA02;7;205;CORRECTO
OPE004;04/03/2024 13:37;04/03/2024 15:55;USER003;COMPRA01;8;-100;CORRECTO
OPE004;04/03/2024 13:48;04/03/2024 15:58;USER003;COMPRA02;9;-93;FINALIZADO
OPE004;04/03/2024 13:41;04/03/2024 15:14;USER001;COMPRA01;10;-62;ERROR
----------------------------------------------------------------------------
Archivo generado: SU004_OPE4_04032024_3.csv
----------------------------------------------------------------------------

----------------------------------------------------------------------------
OPE004;22/10/2024 13:35;22/10/2024 15:51;USER003;COMPRA02;1;-102;ERROR
OPE004;22/10/2024 13:07;22/10/2024 15:02;USER001;COMPRA01;2;-200;ERROR
OPE004;22/10/2024 13:47;22/10/2024 15:58;USER003;COMPRA02;3;-32;FINALIZADO
OPE004;22/10/2024 13:48;22/10/2024 15:20;USER001;COMPRA01;4;163;CORRECTO
OPE004;22/10/2024 13:25;22/10/2024 15:06;USER002;COMPRA02;5;-85;ERROR
OPE004;22/10/2024 13:48;22/10/2024 15:57;USER003;COMPRA01;6;-30;FINALIZADO
OPE004;22/10/2024 13:01;22/10/2024 15:44;USER002;COMPRA02;7;-161;CORRECTO
OPE004;22/10/2024 13:32;22/10/2024 15:12;USER001;COMPRA01;8;183;CORRECTO
OPE004;22/10/2024 13:25;22/10/2024 15:51;USER002;COMPRA02;9;-206;FINALIZADO
OPE004;22/10/2024 13:49;22/10/2024 15:11;USER003;COMPRA01;10;78;FINALIZADO
----------------------------------------------------------------------------
Archivo generado: SU004_OPE4_22102024_4.csv
----------------------------------------------------------------------------

----------------------------------------------------------------------------
OPE003;08/04/2024 13:51;08/04/2024 15:18;USER003;COMPRA02;1;189;ERROR
OPE003;08/04/2024 13:15;08/04/2024 15:19;USER001;COMPRA01;2;214;ERROR
OPE003;08/04/2024 13:24;08/04/2024 15:52;USER001;COMPRA02;3;-86;CORRECTO
OPE003;08/04/2024 13:10;08/04/2024 15:04;USER001;COMPRA01;4;-222;CORRECTO
OPE003;08/04/2024 13:12;08/04/2024 15:23;USER001;COMPRA02;5;-197;FINALIZADO
OPE003;08/04/2024 13:07;08/04/2024 15:18;USER001;COMPRA01;6;-22;FINALIZADO
OPE003;08/04/2024 13:18;08/04/2024 15:16;USER002;COMPRA02;7;164;FINALIZADO
OPE003;08/04/2024 13:18;08/04/2024 15:29;USER003;COMPRA01;8;198;ERROR
OPE003;08/04/2024 13:09;08/04/2024 15:29;USER003;COMPRA02;9;138;ERROR
OPE003;08/04/2024 13:37;08/04/2024 15:49;USER002;COMPRA01;10;-67;CORRECTO
----------------------------------------------------------------------------
Archivo generado: SU003_OPE3_08042024_3.csv
----------------------------------------------------------------------------

----------------------------------------------------------------------------
OPE001;12/02/2024 13:44;12/02/2024 15:11;USER003;COMPRA02;1;107;FINALIZADO
OPE001;12/02/2024 13:24;12/02/2024 15:23;USER003;COMPRA01;2;-161;CORRECTO
OPE001;12/02/2024 13:19;12/02/2024 15:33;USER002;COMPRA02;3;-32;CORRECTO
OPE001;12/02/2024 13:38;12/02/2024 15:06;USER002;COMPRA01;4;-226;FINALIZADO
OPE001;12/02/2024 13:59;12/02/2024 15:56;USER001;COMPRA02;5;-29;ERROR
OPE001;12/02/2024 13:40;12/02/2024 15:44;USER002;COMPRA01;6;-42;ERROR
OPE001;12/02/2024 13:07;12/02/2024 15:03;USER002;COMPRA02;7;-70;CORRECTO
OPE001;12/02/2024 13:29;12/02/2024 15:08;USER002;COMPRA01;8;193;ERROR
OPE001;12/02/2024 13:36;12/02/2024 15:34;USER002;COMPRA02;9;48;CORRECTO
OPE001;12/02/2024 13:27;12/02/2024 15:05;USER001;COMPRA01;10;174;FINALIZADO
----------------------------------------------------------------------------
Archivo generado: SU001_OPE1_12022024_5.csv
----------------------------------------------------------------------------

----------------------------------------------------------------------------
OPE002;02/03/2024 13:25;02/03/2024 15:19;USER001;COMPRA02;1;120;CORRECTO
OPE002;02/03/2024 13:47;02/03/2024 15:14;USER001;COMPRA01;2;-212;ERROR
OPE002;02/03/2024 13:17;02/03/2024 15:08;USER001;COMPRA02;3;-7;CORRECTO
OPE002;02/03/2024 13:13;02/03/2024 15:01;USER003;COMPRA01;4;-203;CORRECTO
OPE002;02/03/2024 13:27;02/03/2024 15:30;USER002;COMPRA02;5;-201;CORRECTO
OPE002;02/03/2024 13:48;02/03/2024 15:17;USER001;COMPRA01;6;-143;ERROR
OPE002;02/03/2024 13:38;02/03/2024 15:25;USER002;COMPRA02;7;-118;CORRECTO
OPE002;02/03/2024 13:28;02/03/2024 15:24;USER001;COMPRA01;8;234;FINALIZADO
OPE002;02/03/2024 13:29;02/03/2024 15:02;USER001;COMPRA02;9;-71;CORRECTO
OPE002;02/03/2024 13:27;02/03/2024 15:40;USER001;COMPRA01;10;45;ERROR
----------------------------------------------------------------------------
Archivo generado: SU002_OPE2_02032024_6.csv
----------------------------------------------------------------------------

----------------------------------------------------------------------------
OPE004;08/05/2024 13:54;08/05/2024 15:00;USER002;COMPRA02;1;63;ERROR
OPE004;08/05/2024 13:44;08/05/2024 15:31;USER002;COMPRA01;2;178;ERROR
OPE004;08/05/2024 13:35;08/05/2024 15:03;USER003;COMPRA02;3;219;CORRECTO
OPE004;08/05/2024 13:29;08/05/2024 15:43;USER003;COMPRA01;4;-188;CORRECTO
OPE004;08/05/2024 13:02;08/05/2024 15:09;USER002;COMPRA02;5;135;FINALIZADO
OPE004;08/05/2024 13:09;08/05/2024 15:02;USER003;COMPRA01;6;4;CORRECTO
OPE004;08/05/2024 13:05;08/05/2024 15:00;USER003;COMPRA02;7;124;FINALIZADO
OPE004;08/05/2024 13:59;08/05/2024 15:47;USER002;COMPRA01;8;-100;ERROR
OPE004;08/05/2024 13:26;08/05/2024 15:45;USER001;COMPRA02;9;-71;ERROR
OPE004;08/05/2024 13:14;08/05/2024 15:20;USER002;COMPRA01;10;-197;FINALIZADO
----------------------------------------------------------------------------
Archivo generado: SU004_OPE4_08052024_5.csv
----------------------------------------------------------------------------

----------------------------------------------------------------------------
OPE001;06/05/2024 13:20;06/05/2024 15:12;USER003;COMPRA02;1;-12;FINALIZADO
OPE001;06/05/2024 13:15;06/05/2024 15:35;USER002;COMPRA01;2;-201;FINALIZADO
OPE001;06/05/2024 13:05;06/05/2024 15:13;USER002;COMPRA02;3;-47;CORRECTO
OPE001;06/05/2024 13:30;06/05/2024 15:40;USER003;COMPRA01;4;-179;ERROR
OPE001;06/05/2024 13:59;06/05/2024 15:10;USER002;COMPRA02;5;-110;FINALIZADO
OPE001;06/05/2024 13:37;06/05/2024 15:01;USER002;COMPRA01;6;213;ERROR
OPE001;06/05/2024 13:52;06/05/2024 15:51;USER003;COMPRA02;7;-129;ERROR
OPE001;06/05/2024 13:26;06/05/2024 15:00;USER002;COMPRA01;8;-17;CORRECTO
OPE001;06/05/2024 13:17;06/05/2024 15:42;USER001;COMPRA02;9;26;FINALIZADO
OPE001;06/05/2024 13:41;06/05/2024 15:48;USER003;COMPRA01;10;54;CORRECTO
----------------------------------------------------------------------------
Archivo generado: SU001_OPE1_06052024_6.csv
----------------------------------------------------------------------------

----------------------------------------------------------------------------

Archivos con prefijo SU001_: 6
Archivos con prefijo SU002_: 6
Archivos con prefijo SU003_: 3
Archivos con prefijo SU004_: 5


|-----------------------------------|
|-          LOG DEL MAIN           -|
|-----------------------------------|

------------------------------------
------ LECTURA DEL 'fp.conf '-------
  PATH FILE: /home/quique/Escritorio/Windows/PF_jueves/prueba2/
  INVENTORY FILES: consolidado.csv
  LOG FILE: file_log.log
  NUM PROCESOS: 5
  NUM SUCURSALES: 4
  NUM FILES TOTAL: 20
  SIMULATE SLEEP: 1
------------------------------------

-------------------------------------------------------
             BLOQUEAMOS EL MUTEX 
-------------------------------------------------------
-> Hilo 4 ejecutandose -
-> Procesando el fichero: SU001_OPE1_06052024_6.csv
-> Mover el fichero: 'SU001_OPE1_06052024_6.csv' a la 
  -> Ruta Final: './procesados/SU001_OPE1_06052024_6.csv' 
-> El HILO 4 ha completado el Procesamiento 
-------------------------------------------------------
    RECUENTO DE FICHEROS: 
 => NUMERO TOTAL DE FICHEROS RESTANTES: 18 
-------------------------------------------------------
             DESBLOQUEAMOS EL MUTEX 
-------------------------------------------------------

-------------------------------------------------------
             BLOQUEAMOS EL MUTEX 
-------------------------------------------------------
-> Hilo 4 ejecutandose -
-> Procesando el fichero: SU001_OPE1_12022024_5.csv
-> Mover el fichero: 'SU001_OPE1_12022024_5.csv' a la 
  -> Ruta Final: './procesados/SU001_OPE1_12022024_5.csv' 
-> El HILO 4 ha completado el Procesamiento 
-------------------------------------------------------
    RECUENTO DE FICHEROS: 
 => NUMERO TOTAL DE FICHEROS RESTANTES: 17 
-------------------------------------------------------
             DESBLOQUEAMOS EL MUTEX 
-------------------------------------------------------

-------------------------------------------------------
             BLOQUEAMOS EL MUTEX 
-------------------------------------------------------
-> Hilo 4 ejecutandose -
-> Procesando el fichero: SU001_OPE1_18102024_1.csv
-> Mover el fichero: 'SU001_OPE1_18102024_1.csv' a la 
  -> Ruta Final: './procesados/SU001_OPE1_18102024_1.csv' 
-> El HILO 4 ha completado el Procesamiento 
-------------------------------------------------------
    RECUENTO DE FICHEROS: 
 => NUMERO TOTAL DE FICHEROS RESTANTES: 16 
-------------------------------------------------------
             DESBLOQUEAMOS EL MUTEX 
-------------------------------------------------------

-------------------------------------------------------
             BLOQUEAMOS EL MUTEX 
-------------------------------------------------------
-> Hilo 4 ejecutandose -
-> Procesando el fichero: SU001_OPE1_19112024_4.csv
-> Mover el fichero: 'SU001_OPE1_19112024_4.csv' a la 
  -> Ruta Final: './procesados/SU001_OPE1_19112024_4.csv' 
-> El HILO 4 ha completado el Procesamiento 
-------------------------------------------------------
    RECUENTO DE FICHEROS: 
 => NUMERO TOTAL DE FICHEROS RESTANTES: 15 
-------------------------------------------------------
             DESBLOQUEAMOS EL MUTEX 
-------------------------------------------------------

-------------------------------------------------------
             BLOQUEAMOS EL MUTEX 
-------------------------------------------------------
-> Hilo 4 ejecutandose -
-> Procesando el fichero: SU001_OPE1_24042024_2.csv
-> Mover el fichero: 'SU001_OPE1_24042024_2.csv' a la 
  -> Ruta Final: './procesados/SU001_OPE1_24042024_2.csv' 
-> El HILO 4 ha completado el Procesamiento 
-------------------------------------------------------
    RECUENTO DE FICHEROS: 
 => NUMERO TOTAL DE FICHEROS RESTANTES: 14 
-------------------------------------------------------
             DESBLOQUEAMOS EL MUTEX 
-------------------------------------------------------

-------------------------------------------------------
             BLOQUEAMOS EL MUTEX 
-------------------------------------------------------
-> Hilo 4 ejecutandose -
-> Procesando el fichero: SU002_OPE2_01022024_5.csv
-> Mover el fichero: 'SU002_OPE2_01022024_5.csv' a la 
  -> Ruta Final: './procesados/SU002_OPE2_01022024_5.csv' 
-> El HILO 4 ha completado el Procesamiento 
-------------------------------------------------------
    RECUENTO DE FICHEROS: 
 => NUMERO TOTAL DE FICHEROS RESTANTES: 13 
-------------------------------------------------------
             DESBLOQUEAMOS EL MUTEX 
-------------------------------------------------------

-------------------------------------------------------
             BLOQUEAMOS EL MUTEX 
-------------------------------------------------------
-> Hilo 4 ejecutandose -
-> Procesando el fichero: SU002_OPE2_02032024_6.csv
-> Mover el fichero: 'SU002_OPE2_02032024_6.csv' a la 
  -> Ruta Final: './procesados/SU002_OPE2_02032024_6.csv' 
-> El HILO 4 ha completado el Procesamiento 
-------------------------------------------------------
    RECUENTO DE FICHEROS: 
 => NUMERO TOTAL DE FICHEROS RESTANTES: 12 
-------------------------------------------------------
             DESBLOQUEAMOS EL MUTEX 
-------------------------------------------------------

-------------------------------------------------------
             BLOQUEAMOS EL MUTEX 
-------------------------------------------------------
-> Hilo 4 ejecutandose -
-> Procesando el fichero: SU002_OPE2_02102024_1.csv
-> Mover el fichero: 'SU002_OPE2_02102024_1.csv' a la 
  -> Ruta Final: './procesados/SU002_OPE2_02102024_1.csv' 
-> El HILO 4 ha completado el Procesamiento 
-------------------------------------------------------
    RECUENTO DE FICHEROS: 
 => NUMERO TOTAL DE FICHEROS RESTANTES: 11 
-------------------------------------------------------
             DESBLOQUEAMOS EL MUTEX 
-------------------------------------------------------

-------------------------------------------------------
             BLOQUEAMOS EL MUTEX 
-------------------------------------------------------
-> Hilo 4 ejecutandose -
-> Procesando el fichero: SU002_OPE2_03022024_4.csv
-> Mover el fichero: 'SU002_OPE2_03022024_4.csv' a la 
  -> Ruta Final: './procesados/SU002_OPE2_03022024_4.csv' 
-> El HILO 4 ha completado el Procesamiento 
-------------------------------------------------------
    RECUENTO DE FICHEROS: 
 => NUMERO TOTAL DE FICHEROS RESTANTES: 10 
-------------------------------------------------------
             DESBLOQUEAMOS EL MUTEX 
-------------------------------------------------------

-------------------------------------------------------
             BLOQUEAMOS EL MUTEX 
-------------------------------------------------------
-> Hilo 4 ejecutandose -
-> Procesando el fichero: SU002_OPE2_22072024_3.csv
-> Mover el fichero: 'SU002_OPE2_22072024_3.csv' a la 
  -> Ruta Final: './procesados/SU002_OPE2_22072024_3.csv' 
-> El HILO 4 ha completado el Procesamiento 
-------------------------------------------------------
    RECUENTO DE FICHEROS: 
 => NUMERO TOTAL DE FICHEROS RESTANTES: 9 
-------------------------------------------------------
             DESBLOQUEAMOS EL MUTEX 
-------------------------------------------------------

-------------------------------------------------------
             BLOQUEAMOS EL MUTEX 
-------------------------------------------------------
-> Hilo 4 ejecutandose -
-> Procesando el fichero: SU002_OPE2_23102024_2.csv
-> Mover el fichero: 'SU002_OPE2_23102024_2.csv' a la 
  -> Ruta Final: './procesados/SU002_OPE2_23102024_2.csv' 
-> El HILO 4 ha completado el Procesamiento 
-------------------------------------------------------
    RECUENTO DE FICHEROS: 
 => NUMERO TOTAL DE FICHEROS RESTANTES: 8 
-------------------------------------------------------
             DESBLOQUEAMOS EL MUTEX 
-------------------------------------------------------

-------------------------------------------------------
             BLOQUEAMOS EL MUTEX 
-------------------------------------------------------
-> Hilo 4 ejecutandose -
-> Procesando el fichero: SU003_OPE3_02112024_1.csv
-> Mover el fichero: 'SU003_OPE3_02112024_1.csv' a la 
  -> Ruta Final: './procesados/SU003_OPE3_02112024_1.csv' 
-> El HILO 4 ha completado el Procesamiento 
-------------------------------------------------------
    RECUENTO DE FICHEROS: 
 => NUMERO TOTAL DE FICHEROS RESTANTES: 7 
-------------------------------------------------------
             DESBLOQUEAMOS EL MUTEX 
-------------------------------------------------------

-------------------------------------------------------
             BLOQUEAMOS EL MUTEX 
-------------------------------------------------------
-> Hilo 4 ejecutandose -
-> Procesando el fichero: SU003_OPE3_08042024_3.csv
-> Mover el fichero: 'SU003_OPE3_08042024_3.csv' a la 
  -> Ruta Final: './procesados/SU003_OPE3_08042024_3.csv' 
-> El HILO 4 ha completado el Procesamiento 
-------------------------------------------------------
    RECUENTO DE FICHEROS: 
 => NUMERO TOTAL DE FICHEROS RESTANTES: 6 
-------------------------------------------------------
             DESBLOQUEAMOS EL MUTEX 
-------------------------------------------------------

-------------------------------------------------------
             BLOQUEAMOS EL MUTEX 
-------------------------------------------------------
-> Hilo 4 ejecutandose -
-> Procesando el fichero: SU003_OPE3_26042024_2.csv
-> Mover el fichero: 'SU003_OPE3_26042024_2.csv' a la 
  -> Ruta Final: './procesados/SU003_OPE3_26042024_2.csv' 
-> El HILO 4 ha completado el Procesamiento 
-------------------------------------------------------
    RECUENTO DE FICHEROS: 
 => NUMERO TOTAL DE FICHEROS RESTANTES: 5 
-------------------------------------------------------
             DESBLOQUEAMOS EL MUTEX 
-------------------------------------------------------

-------------------------------------------------------
             BLOQUEAMOS EL MUTEX 
-------------------------------------------------------
-> Hilo 4 ejecutandose -
-> Procesando el fichero: SU004_OPE4_04032024_3.csv
-> Mover el fichero: 'SU004_OPE4_04032024_3.csv' a la 
  -> Ruta Final: './procesados/SU004_OPE4_04032024_3.csv' 
-> El HILO 4 ha completado el Procesamiento 
-------------------------------------------------------
    RECUENTO DE FICHEROS: 
 => NUMERO TOTAL DE FICHEROS RESTANTES: 4 
-------------------------------------------------------
             DESBLOQUEAMOS EL MUTEX 
-------------------------------------------------------

-------------------------------------------------------
             BLOQUEAMOS EL MUTEX 
-------------------------------------------------------
-> Hilo 4 ejecutandose -
-> Procesando el fichero: SU004_OPE4_06032024_2.csv
-> Mover el fichero: 'SU004_OPE4_06032024_2.csv' a la 
  -> Ruta Final: './procesados/SU004_OPE4_06032024_2.csv' 
-> El HILO 4 ha completado el Procesamiento 
-------------------------------------------------------
    RECUENTO DE FICHEROS: 
 => NUMERO TOTAL DE FICHEROS RESTANTES: 3 
-------------------------------------------------------
             DESBLOQUEAMOS EL MUTEX 
-------------------------------------------------------

-------------------------------------------------------
             BLOQUEAMOS EL MUTEX 
-------------------------------------------------------
-> Hilo 4 ejecutandose -
-> Procesando el fichero: SU004_OPE4_08052024_5.csv
-> Mover el fichero: 'SU004_OPE4_08052024_5.csv' a la 
  -> Ruta Final: './procesados/SU004_OPE4_08052024_5.csv' 
-> El HILO 4 ha completado el Procesamiento 
-------------------------------------------------------
    RECUENTO DE FICHEROS: 
 => NUMERO TOTAL DE FICHEROS RESTANTES: 2 
-------------------------------------------------------
             DESBLOQUEAMOS EL MUTEX 
-------------------------------------------------------

-------------------------------------------------------
             BLOQUEAMOS EL MUTEX 
-------------------------------------------------------
-> Hilo 4 ejecutandose -
-> Procesando el fichero: SU004_OPE4_11102024_1.csv
-> Mover el fichero: 'SU004_OPE4_11102024_1.csv' a la 
  -> Ruta Final: './procesados/SU004_OPE4_11102024_1.csv' 
-> El HILO 4 ha completado el Procesamiento 
-------------------------------------------------------
    RECUENTO DE FICHEROS: 
 => NUMERO TOTAL DE FICHEROS RESTANTES: 1 
-------------------------------------------------------
             DESBLOQUEAMOS EL MUTEX 
-------------------------------------------------------

-------------------------------------------------------
             BLOQUEAMOS EL MUTEX 
-------------------------------------------------------
-> Hilo 4 ejecutandose -
-> Procesando el fichero: SU004_OPE4_22102024_4.csv
-> Mover el fichero: 'SU004_OPE4_22102024_4.csv' a la 
  -> Ruta Final: './procesados/SU004_OPE4_22102024_4.csv' 
-> El HILO 4 ha completado el Procesamiento 
-----------------------------------------------------